


ARM Macro Assembler    Page 1 


    1 00000000         ;******************** (C) COPYRIGHT 2011 STMicroelectron
                       ics ********************
    2 00000000         ;* File Name          : startup_stm32f10x_md_vl.s
    3 00000000         ;* Author             : MCD Application Team
    4 00000000         ;* Version            : V3.5.0
    5 00000000         ;* Date               : 11-March-2011
    6 00000000         ;* Description        : STM32F10x Medium Density Value L
                       ine Devices vector table  
    7 00000000         ;*                      for MDK-ARM toolchain.  
    8 00000000         ;*                      This module performs:
    9 00000000         ;*                      - Set the initial SP
   10 00000000         ;*                      - Set the initial PC == Reset_Ha
                       ndler
   11 00000000         ;*                      - Set the vector table entries w
                       ith the exceptions ISR address
   12 00000000         ;*                      - Configure the clock system
   13 00000000         ;*                      - Branches to __main in the C li
                       brary (which eventually
   14 00000000         ;*                        calls main()).
   15 00000000         ;*                      After Reset the CortexM3 process
                       or is in Thread mode,
   16 00000000         ;*                      priority is Privileged, and the 
                       Stack is set to Main.
   17 00000000         ;* <<< Use Configuration Wizard in Context Menu >>>   
   18 00000000         ;*******************************************************
                       ************************
   19 00000000         ; THE PRESENT FIRMWARE WHICH IS FOR GUIDANCE ONLY AIMS A
                       T PROVIDING CUSTOMERS
   20 00000000         ; WITH CODING INFORMATION REGARDING THEIR PRODUCTS IN OR
                       DER FOR THEM TO SAVE TIME.
   21 00000000         ; AS A RESULT, STMICROELECTRONICS SHALL NOT BE HELD LIAB
                       LE FOR ANY DIRECT,
   22 00000000         ; INDIRECT OR CONSEQUENTIAL DAMAGES WITH RESPECT TO ANY 
                       CLAIMS ARISING FROM THE
   23 00000000         ; CONTENT OF SUCH FIRMWARE AND/OR THE USE MADE BY CUSTOM
                       ERS OF THE CODING
   24 00000000         ; INFORMATION CONTAINED HEREIN IN CONNECTION WITH THEIR 
                       PRODUCTS.
   25 00000000         ;*******************************************************
                       ************************
   26 00000000         
   27 00000000         ; Amount of memory (in bytes) allocated for Stack
   28 00000000         ; Tailor this value to your application needs
   29 00000000         ; <h> Stack Configuration
   30 00000000         ;   <o> Stack Size (in Bytes) <0x0-0xFFFFFFFF:8>
   31 00000000         ; </h>
   32 00000000         
   33 00000000 00000400 
                       Stack_Size
                               EQU              0x00000400
   34 00000000         
   35 00000000                 AREA             STACK, NOINIT, READWRITE, ALIGN
=3
   36 00000000         Stack_Mem
                               SPACE            Stack_Size
   37 00000400         __initial_sp
   38 00000400         
   39 00000400         
   40 00000400         ; <h> Heap Configuration



ARM Macro Assembler    Page 2 


   41 00000400         ;   <o>  Heap Size (in Bytes) <0x0-0xFFFFFFFF:8>
   42 00000400         ; </h>
   43 00000400         
   44 00000400 00000200 
                       Heap_Size
                               EQU              0x00000200
   45 00000400         
   46 00000400                 AREA             HEAP, NOINIT, READWRITE, ALIGN=
3
   47 00000000         __heap_base
   48 00000000         Heap_Mem
                               SPACE            Heap_Size
   49 00000200         __heap_limit
   50 00000200         
   51 00000200                 PRESERVE8
   52 00000200                 THUMB
   53 00000200         
   54 00000200         
   55 00000200         ; Vector Table Mapped to Address 0 at Reset
   56 00000200                 AREA             RESET, DATA, READONLY
   57 00000000                 EXPORT           __Vectors
   58 00000000                 EXPORT           __Vectors_End
   59 00000000                 EXPORT           __Vectors_Size
   60 00000000         
   61 00000000 00000000 
                       __Vectors
                               DCD              __initial_sp ; Top of Stack
   62 00000004 00000000        DCD              Reset_Handler ; Reset Handler
   63 00000008 00000000        DCD              NMI_Handler ; NMI Handler
   64 0000000C 00000000        DCD              HardFault_Handler ; Hard Fault 
                                                            Handler
   65 00000010 00000000        DCD              MemManage_Handler 
                                                            ; MPU Fault Handler
                                                            
   66 00000014 00000000        DCD              BusFault_Handler 
                                                            ; Bus Fault Handler
                                                            
   67 00000018 00000000        DCD              UsageFault_Handler ; Usage Faul
                                                            t Handler
   68 0000001C 00000000        DCD              0           ; Reserved
   69 00000020 00000000        DCD              0           ; Reserved
   70 00000024 00000000        DCD              0           ; Reserved
   71 00000028 00000000        DCD              0           ; Reserved
   72 0000002C 00000000        DCD              SVC_Handler ; SVCall Handler
   73 00000030 00000000        DCD              DebugMon_Handler ; Debug Monito
                                                            r Handler
   74 00000034 00000000        DCD              0           ; Reserved
   75 00000038 00000000        DCD              PendSV_Handler ; PendSV Handler
                                                            
   76 0000003C 00000000        DCD              SysTick_Handler 
                                                            ; SysTick Handler
   77 00000040         
   78 00000040         ; External Interrupts
   79 00000040 00000000        DCD              WWDG_IRQHandler 
                                                            ; Window Watchdog
   80 00000044 00000000        DCD              PVD_IRQHandler ; PVD through EX
                                                            TI Line detect
   81 00000048 00000000        DCD              TAMPER_IRQHandler ; Tamper
   82 0000004C 00000000        DCD              RTC_IRQHandler ; RTC



ARM Macro Assembler    Page 3 


   83 00000050 00000000        DCD              FLASH_IRQHandler ; Flash
   84 00000054 00000000        DCD              RCC_IRQHandler ; RCC
   85 00000058 00000000        DCD              EXTI0_IRQHandler ; EXTI Line 0
   86 0000005C 00000000        DCD              EXTI1_IRQHandler ; EXTI Line 1
   87 00000060 00000000        DCD              EXTI2_IRQHandler ; EXTI Line 2
   88 00000064 00000000        DCD              EXTI3_IRQHandler ; EXTI Line 3
   89 00000068 00000000        DCD              EXTI4_IRQHandler ; EXTI Line 4
   90 0000006C 00000000        DCD              DMA1_Channel1_IRQHandler 
                                                            ; DMA1 Channel 1
   91 00000070 00000000        DCD              DMA1_Channel2_IRQHandler 
                                                            ; DMA1 Channel 2
   92 00000074 00000000        DCD              DMA1_Channel3_IRQHandler 
                                                            ; DMA1 Channel 3
   93 00000078 00000000        DCD              DMA1_Channel4_IRQHandler 
                                                            ; DMA1 Channel 4
   94 0000007C 00000000        DCD              DMA1_Channel5_IRQHandler 
                                                            ; DMA1 Channel 5
   95 00000080 00000000        DCD              DMA1_Channel6_IRQHandler 
                                                            ; DMA1 Channel 6
   96 00000084 00000000        DCD              DMA1_Channel7_IRQHandler 
                                                            ; DMA1 Channel 7
   97 00000088 00000000        DCD              ADC1_IRQHandler ; ADC1
   98 0000008C 00000000        DCD              0           ; Reserved
   99 00000090 00000000        DCD              0           ; Reserved
  100 00000094 00000000        DCD              0           ; Reserved
  101 00000098 00000000        DCD              0           ; Reserved
  102 0000009C 00000000        DCD              EXTI9_5_IRQHandler 
                                                            ; EXTI Line 9..5
  103 000000A0 00000000        DCD              TIM1_BRK_TIM15_IRQHandler ; TIM
                                                            1 Break and TIM15
  104 000000A4 00000000        DCD              TIM1_UP_TIM16_IRQHandler ; TIM1
                                                             Update and TIM16
  105 000000A8 00000000        DCD              TIM1_TRG_COM_TIM17_IRQHandler ;
                                                             TIM1 Trigger and C
                                                            ommutation and TIM1
                                                            7
  106 000000AC 00000000        DCD              TIM1_CC_IRQHandler ; TIM1 Captu
                                                            re Compare
  107 000000B0 00000000        DCD              TIM2_IRQHandler ; TIM2
  108 000000B4 00000000        DCD              TIM3_IRQHandler ; TIM3
  109 000000B8 00000000        DCD              TIM4_IRQHandler ; TIM4
  110 000000BC 00000000        DCD              I2C1_EV_IRQHandler ; I2C1 Event
                                                            
  111 000000C0 00000000        DCD              I2C1_ER_IRQHandler ; I2C1 Error
                                                            
  112 000000C4 00000000        DCD              I2C2_EV_IRQHandler ; I2C2 Event
                                                            
  113 000000C8 00000000        DCD              I2C2_ER_IRQHandler ; I2C2 Error
                                                            
  114 000000CC 00000000        DCD              SPI1_IRQHandler ; SPI1
  115 000000D0 00000000        DCD              SPI2_IRQHandler ; SPI2
  116 000000D4 00000000        DCD              USART1_IRQHandler ; USART1
  117 000000D8 00000000        DCD              USART2_IRQHandler ; USART2
  118 000000DC 00000000        DCD              USART3_IRQHandler ; USART3
  119 000000E0 00000000        DCD              EXTI15_10_IRQHandler 
                                                            ; EXTI Line 15..10
  120 000000E4 00000000        DCD              RTCAlarm_IRQHandler ; RTC Alarm
                                                             through EXTI Line
  121 000000E8 00000000        DCD              CEC_IRQHandler ; HDMI-CEC



ARM Macro Assembler    Page 4 


  122 000000EC 00000000        DCD              0           ; Reserved
  123 000000F0 00000000        DCD              0           ; Reserved
  124 000000F4 00000000        DCD              0           ; Reserved
  125 000000F8 00000000        DCD              0           ; Reserved 
  126 000000FC 00000000        DCD              0           ; Reserved
  127 00000100 00000000        DCD              0           ; Reserved
  128 00000104 00000000        DCD              0           ; Reserved
  129 00000108 00000000        DCD              0           ; Reserved 
  130 0000010C 00000000        DCD              0           ; Reserved
  131 00000110 00000000        DCD              0           ; Reserved
  132 00000114 00000000        DCD              0           ; Reserved
  133 00000118 00000000        DCD              TIM6_DAC_IRQHandler ; TIM6 and 
                                                            DAC underrun
  134 0000011C 00000000        DCD              TIM7_IRQHandler ; TIM7
  135 00000120         __Vectors_End
  136 00000120         
  137 00000120 00000120 
                       __Vectors_Size
                               EQU              __Vectors_End - __Vectors
  138 00000120         
  139 00000120                 AREA             |.text|, CODE, READONLY
  140 00000000         
  141 00000000         ; Reset handler
  142 00000000         Reset_Handler
                               PROC
  143 00000000                 EXPORT           Reset_Handler             [WEAK
]
  144 00000000                 IMPORT           __main
  145 00000000                 IMPORT           SystemInit
  146 00000000 4806            LDR              R0, =SystemInit
  147 00000002 4780            BLX              R0
  148 00000004 4806            LDR              R0, =__main
  149 00000006 4700            BX               R0
  150 00000008                 ENDP
  151 00000008         
  152 00000008         ; Dummy Exception Handlers (infinite loops which can be 
                       modified)
  153 00000008         
  154 00000008         NMI_Handler
                               PROC
  155 00000008                 EXPORT           NMI_Handler                    
  [WEAK]
  156 00000008 E7FE            B                .
  157 0000000A                 ENDP
  159 0000000A         HardFault_Handler
                               PROC
  160 0000000A                 EXPORT           HardFault_Handler              
  [WEAK]
  161 0000000A E7FE            B                .
  162 0000000C                 ENDP
  164 0000000C         MemManage_Handler
                               PROC
  165 0000000C                 EXPORT           MemManage_Handler              
  [WEAK]
  166 0000000C E7FE            B                .
  167 0000000E                 ENDP
  169 0000000E         BusFault_Handler
                               PROC
  170 0000000E                 EXPORT           BusFault_Handler               



ARM Macro Assembler    Page 5 


  [WEAK]
  171 0000000E E7FE            B                .
  172 00000010                 ENDP
  174 00000010         UsageFault_Handler
                               PROC
  175 00000010                 EXPORT           UsageFault_Handler             
  [WEAK]
  176 00000010 E7FE            B                .
  177 00000012                 ENDP
  178 00000012         SVC_Handler
                               PROC
  179 00000012                 EXPORT           SVC_Handler                    
  [WEAK]
  180 00000012 E7FE            B                .
  181 00000014                 ENDP
  183 00000014         DebugMon_Handler
                               PROC
  184 00000014                 EXPORT           DebugMon_Handler               
  [WEAK]
  185 00000014 E7FE            B                .
  186 00000016                 ENDP
  187 00000016         PendSV_Handler
                               PROC
  188 00000016                 EXPORT           PendSV_Handler                 
  [WEAK]
  189 00000016 E7FE            B                .
  190 00000018                 ENDP
  191 00000018         SysTick_Handler
                               PROC
  192 00000018                 EXPORT           SysTick_Handler                
  [WEAK]
  193 00000018 E7FE            B                .
  194 0000001A                 ENDP
  195 0000001A         
  196 0000001A         Default_Handler
                               PROC
  197 0000001A         
  198 0000001A                 EXPORT           WWDG_IRQHandler                
  [WEAK]
  199 0000001A                 EXPORT           PVD_IRQHandler                 
  [WEAK]
  200 0000001A                 EXPORT           TAMPER_IRQHandler              
  [WEAK]
  201 0000001A                 EXPORT           RTC_IRQHandler                 
  [WEAK]
  202 0000001A                 EXPORT           FLASH_IRQHandler               
  [WEAK]
  203 0000001A                 EXPORT           RCC_IRQHandler                 
  [WEAK]
  204 0000001A                 EXPORT           EXTI0_IRQHandler               
  [WEAK]
  205 0000001A                 EXPORT           EXTI1_IRQHandler               
  [WEAK]
  206 0000001A                 EXPORT           EXTI2_IRQHandler               
  [WEAK]
  207 0000001A                 EXPORT           EXTI3_IRQHandler               
  [WEAK]
  208 0000001A                 EXPORT           EXTI4_IRQHandler               
  [WEAK]



ARM Macro Assembler    Page 6 


  209 0000001A                 EXPORT           DMA1_Channel1_IRQHandler       
  [WEAK]
  210 0000001A                 EXPORT           DMA1_Channel2_IRQHandler       
  [WEAK]
  211 0000001A                 EXPORT           DMA1_Channel3_IRQHandler       
  [WEAK]
  212 0000001A                 EXPORT           DMA1_Channel4_IRQHandler       
  [WEAK]
  213 0000001A                 EXPORT           DMA1_Channel5_IRQHandler       
  [WEAK]
  214 0000001A                 EXPORT           DMA1_Channel6_IRQHandler       
  [WEAK]
  215 0000001A                 EXPORT           DMA1_Channel7_IRQHandler       
  [WEAK]
  216 0000001A                 EXPORT           ADC1_IRQHandler                
  [WEAK]
  217 0000001A                 EXPORT           EXTI9_5_IRQHandler             
  [WEAK]
  218 0000001A                 EXPORT           TIM1_BRK_TIM15_IRQHandler      
  [WEAK]
  219 0000001A                 EXPORT           TIM1_UP_TIM16_IRQHandler       
  [WEAK]
  220 0000001A                 EXPORT           TIM1_TRG_COM_TIM17_IRQHandler  
  [WEAK]
  221 0000001A                 EXPORT           TIM1_CC_IRQHandler             
  [WEAK]
  222 0000001A                 EXPORT           TIM2_IRQHandler                
  [WEAK]
  223 0000001A                 EXPORT           TIM3_IRQHandler                
  [WEAK]
  224 0000001A                 EXPORT           TIM4_IRQHandler                
  [WEAK]
  225 0000001A                 EXPORT           I2C1_EV_IRQHandler             
  [WEAK]
  226 0000001A                 EXPORT           I2C1_ER_IRQHandler             
  [WEAK]
  227 0000001A                 EXPORT           I2C2_EV_IRQHandler             
  [WEAK]
  228 0000001A                 EXPORT           I2C2_ER_IRQHandler             
  [WEAK]
  229 0000001A                 EXPORT           SPI1_IRQHandler                
  [WEAK]
  230 0000001A                 EXPORT           SPI2_IRQHandler                
  [WEAK]
  231 0000001A                 EXPORT           USART1_IRQHandler              
  [WEAK]
  232 0000001A                 EXPORT           USART2_IRQHandler              
  [WEAK]
  233 0000001A                 EXPORT           USART3_IRQHandler              
  [WEAK]
  234 0000001A                 EXPORT           EXTI15_10_IRQHandler           
  [WEAK]
  235 0000001A                 EXPORT           RTCAlarm_IRQHandler            
  [WEAK]
  236 0000001A                 EXPORT           CEC_IRQHandler                 
  [WEAK]
  237 0000001A                 EXPORT           TIM6_DAC_IRQHandler            
  [WEAK]
  238 0000001A                 EXPORT           TIM7_IRQHandler                



ARM Macro Assembler    Page 7 


  [WEAK]
  239 0000001A         
  240 0000001A         WWDG_IRQHandler
  241 0000001A         PVD_IRQHandler
  242 0000001A         TAMPER_IRQHandler
  243 0000001A         RTC_IRQHandler
  244 0000001A         FLASH_IRQHandler
  245 0000001A         RCC_IRQHandler
  246 0000001A         EXTI0_IRQHandler
  247 0000001A         EXTI1_IRQHandler
  248 0000001A         EXTI2_IRQHandler
  249 0000001A         EXTI3_IRQHandler
  250 0000001A         EXTI4_IRQHandler
  251 0000001A         DMA1_Channel1_IRQHandler
  252 0000001A         DMA1_Channel2_IRQHandler
  253 0000001A         DMA1_Channel3_IRQHandler
  254 0000001A         DMA1_Channel4_IRQHandler
  255 0000001A         DMA1_Channel5_IRQHandler
  256 0000001A         DMA1_Channel6_IRQHandler
  257 0000001A         DMA1_Channel7_IRQHandler
  258 0000001A         ADC1_IRQHandler
  259 0000001A         EXTI9_5_IRQHandler
  260 0000001A         TIM1_BRK_TIM15_IRQHandler
  261 0000001A         TIM1_UP_TIM16_IRQHandler
  262 0000001A         TIM1_TRG_COM_TIM17_IRQHandler
  263 0000001A         TIM1_CC_IRQHandler
  264 0000001A         TIM2_IRQHandler
  265 0000001A         TIM3_IRQHandler
  266 0000001A         TIM4_IRQHandler
  267 0000001A         I2C1_EV_IRQHandler
  268 0000001A         I2C1_ER_IRQHandler
  269 0000001A         I2C2_EV_IRQHandler
  270 0000001A         I2C2_ER_IRQHandler
  271 0000001A         SPI1_IRQHandler
  272 0000001A         SPI2_IRQHandler
  273 0000001A         USART1_IRQHandler
  274 0000001A         USART2_IRQHandler
  275 0000001A         USART3_IRQHandler
  276 0000001A         EXTI15_10_IRQHandler
  277 0000001A         RTCAlarm_IRQHandler
  278 0000001A         CEC_IRQHandler
  279 0000001A         TIM6_DAC_IRQHandler
  280 0000001A         TIM7_IRQHandler
  281 0000001A E7FE            B                .
  282 0000001C         
  283 0000001C                 ENDP
  284 0000001C         
  285 0000001C                 ALIGN
  286 0000001C         
  287 0000001C         ;*******************************************************
                       ************************
  288 0000001C         ; User Stack and Heap initialization
  289 0000001C         ;*******************************************************
                       ************************
  290 0000001C                 IF               :DEF:__MICROLIB
  291 0000001C         
  292 0000001C                 EXPORT           __initial_sp
  293 0000001C                 EXPORT           __heap_base
  294 0000001C                 EXPORT           __heap_limit



ARM Macro Assembler    Page 8 


  295 0000001C         
  296 0000001C                 ELSE
  311                          ENDIF
  312 0000001C         
  313 0000001C                 END
              00000000 
              00000000 
Command Line: --debug --xref --diag_suppress=9931 --cpu=Cortex-M3 --apcs=interw
ork --depend=.\build\startup_stm32f10x_md_vl.d -o.\build\startup_stm32f10x_md_v
l.o -I.\RTE\_StarryIO -IE:\App\Keil_v5\ARM\PACK\ARM\CMSIS\5.0.1\CMSIS\Include -
IE:\App\Keil_v5\ARM\PACK\Keil\STM32F1xx_DFP\2.2.0\Device\Include --predefine="_
_MICROLIB SETA 1" --predefine="__UVISION_VERSION SETA 523" --predefine="_RTE_ S
ETA 1" --predefine="STM32F10X_MD_VL SETA 1" --list=.\startup_stm32f10x_md_vl.ls
t ..\..\Libraries\CMSIS\CM3\DeviceSupport\ST\STM32F10x\startup\arm\startup_stm3
2f10x_md_vl.s



ARM Macro Assembler    Page 1 Alphabetic symbol ordering
Relocatable symbols

STACK 00000000

Symbol: STACK
   Definitions
      At line 35 in file ..\..\Libraries\CMSIS\CM3\DeviceSupport\ST\STM32F10x\s
tartup\arm\startup_stm32f10x_md_vl.s
   Uses
      None
Comment: STACK unused
Stack_Mem 00000000

Symbol: Stack_Mem
   Definitions
      At line 36 in file ..\..\Libraries\CMSIS\CM3\DeviceSupport\ST\STM32F10x\s
tartup\arm\startup_stm32f10x_md_vl.s
   Uses
      None
Comment: Stack_Mem unused
__initial_sp 00000400

Symbol: __initial_sp
   Definitions
      At line 37 in file ..\..\Libraries\CMSIS\CM3\DeviceSupport\ST\STM32F10x\s
tartup\arm\startup_stm32f10x_md_vl.s
   Uses
      At line 61 in file ..\..\Libraries\CMSIS\CM3\DeviceSupport\ST\STM32F10x\s
tartup\arm\startup_stm32f10x_md_vl.s
      At line 292 in file ..\..\Libraries\CMSIS\CM3\DeviceSupport\ST\STM32F10x\
startup\arm\startup_stm32f10x_md_vl.s

3 symbols



ARM Macro Assembler    Page 1 Alphabetic symbol ordering
Relocatable symbols

HEAP 00000000

Symbol: HEAP
   Definitions
      At line 46 in file ..\..\Libraries\CMSIS\CM3\DeviceSupport\ST\STM32F10x\s
tartup\arm\startup_stm32f10x_md_vl.s
   Uses
      None
Comment: HEAP unused
Heap_Mem 00000000

Symbol: Heap_Mem
   Definitions
      At line 48 in file ..\..\Libraries\CMSIS\CM3\DeviceSupport\ST\STM32F10x\s
tartup\arm\startup_stm32f10x_md_vl.s
   Uses
      None
Comment: Heap_Mem unused
__heap_base 00000000

Symbol: __heap_base
   Definitions
      At line 47 in file ..\..\Libraries\CMSIS\CM3\DeviceSupport\ST\STM32F10x\s
tartup\arm\startup_stm32f10x_md_vl.s
   Uses
      At line 293 in file ..\..\Libraries\CMSIS\CM3\DeviceSupport\ST\STM32F10x\
startup\arm\startup_stm32f10x_md_vl.s
Comment: __heap_base used once
__heap_limit 00000200

Symbol: __heap_limit
   Definitions
      At line 49 in file ..\..\Libraries\CMSIS\CM3\DeviceSupport\ST\STM32F10x\s
tartup\arm\startup_stm32f10x_md_vl.s
   Uses
      At line 294 in file ..\..\Libraries\CMSIS\CM3\DeviceSupport\ST\STM32F10x\
startup\arm\startup_stm32f10x_md_vl.s
Comment: __heap_limit used once
4 symbols



ARM Macro Assembler    Page 1 Alphabetic symbol ordering
Relocatable symbols

RESET 00000000

Symbol: RESET
   Definitions
      At line 56 in file ..\..\Libraries\CMSIS\CM3\DeviceSupport\ST\STM32F10x\s
tartup\arm\startup_stm32f10x_md_vl.s
   Uses
      None
Comment: RESET unused
__Vectors 00000000

Symbol: __Vectors
   Definitions
      At line 61 in file ..\..\Libraries\CMSIS\CM3\DeviceSupport\ST\STM32F10x\s
tartup\arm\startup_stm32f10x_md_vl.s
   Uses
      At line 57 in file ..\..\Libraries\CMSIS\CM3\DeviceSupport\ST\STM32F10x\s
tartup\arm\startup_stm32f10x_md_vl.s
      At line 137 in file ..\..\Libraries\CMSIS\CM3\DeviceSupport\ST\STM32F10x\
startup\arm\startup_stm32f10x_md_vl.s

__Vectors_End 00000120

Symbol: __Vectors_End
   Definitions
      At line 135 in file ..\..\Libraries\CMSIS\CM3\DeviceSupport\ST\STM32F10x\
startup\arm\startup_stm32f10x_md_vl.s
   Uses
      At line 58 in file ..\..\Libraries\CMSIS\CM3\DeviceSupport\ST\STM32F10x\s
tartup\arm\startup_stm32f10x_md_vl.s
      At line 137 in file ..\..\Libraries\CMSIS\CM3\DeviceSupport\ST\STM32F10x\
startup\arm\startup_stm32f10x_md_vl.s

3 symbols



ARM Macro Assembler    Page 1 Alphabetic symbol ordering
Relocatable symbols

.text 00000000

Symbol: .text
   Definitions
      At line 139 in file ..\..\Libraries\CMSIS\CM3\DeviceSupport\ST\STM32F10x\
startup\arm\startup_stm32f10x_md_vl.s
   Uses
      None
Comment: .text unused
ADC1_IRQHandler 0000001A

Symbol: ADC1_IRQHandler
   Definitions
      At line 258 in file ..\..\Libraries\CMSIS\CM3\DeviceSupport\ST\STM32F10x\
startup\arm\startup_stm32f10x_md_vl.s
   Uses
      At line 97 in file ..\..\Libraries\CMSIS\CM3\DeviceSupport\ST\STM32F10x\s
tartup\arm\startup_stm32f10x_md_vl.s
      At line 216 in file ..\..\Libraries\CMSIS\CM3\DeviceSupport\ST\STM32F10x\
startup\arm\startup_stm32f10x_md_vl.s

BusFault_Handler 0000000E

Symbol: BusFault_Handler
   Definitions
      At line 169 in file ..\..\Libraries\CMSIS\CM3\DeviceSupport\ST\STM32F10x\
startup\arm\startup_stm32f10x_md_vl.s
   Uses
      At line 66 in file ..\..\Libraries\CMSIS\CM3\DeviceSupport\ST\STM32F10x\s
tartup\arm\startup_stm32f10x_md_vl.s
      At line 170 in file ..\..\Libraries\CMSIS\CM3\DeviceSupport\ST\STM32F10x\
startup\arm\startup_stm32f10x_md_vl.s

CEC_IRQHandler 0000001A

Symbol: CEC_IRQHandler
   Definitions
      At line 278 in file ..\..\Libraries\CMSIS\CM3\DeviceSupport\ST\STM32F10x\
startup\arm\startup_stm32f10x_md_vl.s
   Uses
      At line 121 in file ..\..\Libraries\CMSIS\CM3\DeviceSupport\ST\STM32F10x\
startup\arm\startup_stm32f10x_md_vl.s
      At line 236 in file ..\..\Libraries\CMSIS\CM3\DeviceSupport\ST\STM32F10x\
startup\arm\startup_stm32f10x_md_vl.s

DMA1_Channel1_IRQHandler 0000001A

Symbol: DMA1_Channel1_IRQHandler
   Definitions
      At line 251 in file ..\..\Libraries\CMSIS\CM3\DeviceSupport\ST\STM32F10x\
startup\arm\startup_stm32f10x_md_vl.s
   Uses
      At line 90 in file ..\..\Libraries\CMSIS\CM3\DeviceSupport\ST\STM32F10x\s
tartup\arm\startup_stm32f10x_md_vl.s
      At line 209 in file ..\..\Libraries\CMSIS\CM3\DeviceSupport\ST\STM32F10x\
startup\arm\startup_stm32f10x_md_vl.s

DMA1_Channel2_IRQHandler 0000001A




ARM Macro Assembler    Page 2 Alphabetic symbol ordering
Relocatable symbols

Symbol: DMA1_Channel2_IRQHandler
   Definitions
      At line 252 in file ..\..\Libraries\CMSIS\CM3\DeviceSupport\ST\STM32F10x\
startup\arm\startup_stm32f10x_md_vl.s
   Uses
      At line 91 in file ..\..\Libraries\CMSIS\CM3\DeviceSupport\ST\STM32F10x\s
tartup\arm\startup_stm32f10x_md_vl.s
      At line 210 in file ..\..\Libraries\CMSIS\CM3\DeviceSupport\ST\STM32F10x\
startup\arm\startup_stm32f10x_md_vl.s

DMA1_Channel3_IRQHandler 0000001A

Symbol: DMA1_Channel3_IRQHandler
   Definitions
      At line 253 in file ..\..\Libraries\CMSIS\CM3\DeviceSupport\ST\STM32F10x\
startup\arm\startup_stm32f10x_md_vl.s
   Uses
      At line 92 in file ..\..\Libraries\CMSIS\CM3\DeviceSupport\ST\STM32F10x\s
tartup\arm\startup_stm32f10x_md_vl.s
      At line 211 in file ..\..\Libraries\CMSIS\CM3\DeviceSupport\ST\STM32F10x\
startup\arm\startup_stm32f10x_md_vl.s

DMA1_Channel4_IRQHandler 0000001A

Symbol: DMA1_Channel4_IRQHandler
   Definitions
      At line 254 in file ..\..\Libraries\CMSIS\CM3\DeviceSupport\ST\STM32F10x\
startup\arm\startup_stm32f10x_md_vl.s
   Uses
      At line 93 in file ..\..\Libraries\CMSIS\CM3\DeviceSupport\ST\STM32F10x\s
tartup\arm\startup_stm32f10x_md_vl.s
      At line 212 in file ..\..\Libraries\CMSIS\CM3\DeviceSupport\ST\STM32F10x\
startup\arm\startup_stm32f10x_md_vl.s

DMA1_Channel5_IRQHandler 0000001A

Symbol: DMA1_Channel5_IRQHandler
   Definitions
      At line 255 in file ..\..\Libraries\CMSIS\CM3\DeviceSupport\ST\STM32F10x\
startup\arm\startup_stm32f10x_md_vl.s
   Uses
      At line 94 in file ..\..\Libraries\CMSIS\CM3\DeviceSupport\ST\STM32F10x\s
tartup\arm\startup_stm32f10x_md_vl.s
      At line 213 in file ..\..\Libraries\CMSIS\CM3\DeviceSupport\ST\STM32F10x\
startup\arm\startup_stm32f10x_md_vl.s

DMA1_Channel6_IRQHandler 0000001A

Symbol: DMA1_Channel6_IRQHandler
   Definitions
      At line 256 in file ..\..\Libraries\CMSIS\CM3\DeviceSupport\ST\STM32F10x\
startup\arm\startup_stm32f10x_md_vl.s
   Uses
      At line 95 in file ..\..\Libraries\CMSIS\CM3\DeviceSupport\ST\STM32F10x\s
tartup\arm\startup_stm32f10x_md_vl.s
      At line 214 in file ..\..\Libraries\CMSIS\CM3\DeviceSupport\ST\STM32F10x\
startup\arm\startup_stm32f10x_md_vl.s

DMA1_Channel7_IRQHandler 0000001A



ARM Macro Assembler    Page 3 Alphabetic symbol ordering
Relocatable symbols


Symbol: DMA1_Channel7_IRQHandler
   Definitions
      At line 257 in file ..\..\Libraries\CMSIS\CM3\DeviceSupport\ST\STM32F10x\
startup\arm\startup_stm32f10x_md_vl.s
   Uses
      At line 96 in file ..\..\Libraries\CMSIS\CM3\DeviceSupport\ST\STM32F10x\s
tartup\arm\startup_stm32f10x_md_vl.s
      At line 215 in file ..\..\Libraries\CMSIS\CM3\DeviceSupport\ST\STM32F10x\
startup\arm\startup_stm32f10x_md_vl.s

DebugMon_Handler 00000014

Symbol: DebugMon_Handler
   Definitions
      At line 183 in file ..\..\Libraries\CMSIS\CM3\DeviceSupport\ST\STM32F10x\
startup\arm\startup_stm32f10x_md_vl.s
   Uses
      At line 73 in file ..\..\Libraries\CMSIS\CM3\DeviceSupport\ST\STM32F10x\s
tartup\arm\startup_stm32f10x_md_vl.s
      At line 184 in file ..\..\Libraries\CMSIS\CM3\DeviceSupport\ST\STM32F10x\
startup\arm\startup_stm32f10x_md_vl.s

Default_Handler 0000001A

Symbol: Default_Handler
   Definitions
      At line 196 in file ..\..\Libraries\CMSIS\CM3\DeviceSupport\ST\STM32F10x\
startup\arm\startup_stm32f10x_md_vl.s
   Uses
      None
Comment: Default_Handler unused
EXTI0_IRQHandler 0000001A

Symbol: EXTI0_IRQHandler
   Definitions
      At line 246 in file ..\..\Libraries\CMSIS\CM3\DeviceSupport\ST\STM32F10x\
startup\arm\startup_stm32f10x_md_vl.s
   Uses
      At line 85 in file ..\..\Libraries\CMSIS\CM3\DeviceSupport\ST\STM32F10x\s
tartup\arm\startup_stm32f10x_md_vl.s
      At line 204 in file ..\..\Libraries\CMSIS\CM3\DeviceSupport\ST\STM32F10x\
startup\arm\startup_stm32f10x_md_vl.s

EXTI15_10_IRQHandler 0000001A

Symbol: EXTI15_10_IRQHandler
   Definitions
      At line 276 in file ..\..\Libraries\CMSIS\CM3\DeviceSupport\ST\STM32F10x\
startup\arm\startup_stm32f10x_md_vl.s
   Uses
      At line 119 in file ..\..\Libraries\CMSIS\CM3\DeviceSupport\ST\STM32F10x\
startup\arm\startup_stm32f10x_md_vl.s
      At line 234 in file ..\..\Libraries\CMSIS\CM3\DeviceSupport\ST\STM32F10x\
startup\arm\startup_stm32f10x_md_vl.s

EXTI1_IRQHandler 0000001A

Symbol: EXTI1_IRQHandler



ARM Macro Assembler    Page 4 Alphabetic symbol ordering
Relocatable symbols

   Definitions
      At line 247 in file ..\..\Libraries\CMSIS\CM3\DeviceSupport\ST\STM32F10x\
startup\arm\startup_stm32f10x_md_vl.s
   Uses
      At line 86 in file ..\..\Libraries\CMSIS\CM3\DeviceSupport\ST\STM32F10x\s
tartup\arm\startup_stm32f10x_md_vl.s
      At line 205 in file ..\..\Libraries\CMSIS\CM3\DeviceSupport\ST\STM32F10x\
startup\arm\startup_stm32f10x_md_vl.s

EXTI2_IRQHandler 0000001A

Symbol: EXTI2_IRQHandler
   Definitions
      At line 248 in file ..\..\Libraries\CMSIS\CM3\DeviceSupport\ST\STM32F10x\
startup\arm\startup_stm32f10x_md_vl.s
   Uses
      At line 87 in file ..\..\Libraries\CMSIS\CM3\DeviceSupport\ST\STM32F10x\s
tartup\arm\startup_stm32f10x_md_vl.s
      At line 206 in file ..\..\Libraries\CMSIS\CM3\DeviceSupport\ST\STM32F10x\
startup\arm\startup_stm32f10x_md_vl.s

EXTI3_IRQHandler 0000001A

Symbol: EXTI3_IRQHandler
   Definitions
      At line 249 in file ..\..\Libraries\CMSIS\CM3\DeviceSupport\ST\STM32F10x\
startup\arm\startup_stm32f10x_md_vl.s
   Uses
      At line 88 in file ..\..\Libraries\CMSIS\CM3\DeviceSupport\ST\STM32F10x\s
tartup\arm\startup_stm32f10x_md_vl.s
      At line 207 in file ..\..\Libraries\CMSIS\CM3\DeviceSupport\ST\STM32F10x\
startup\arm\startup_stm32f10x_md_vl.s

EXTI4_IRQHandler 0000001A

Symbol: EXTI4_IRQHandler
   Definitions
      At line 250 in file ..\..\Libraries\CMSIS\CM3\DeviceSupport\ST\STM32F10x\
startup\arm\startup_stm32f10x_md_vl.s
   Uses
      At line 89 in file ..\..\Libraries\CMSIS\CM3\DeviceSupport\ST\STM32F10x\s
tartup\arm\startup_stm32f10x_md_vl.s
      At line 208 in file ..\..\Libraries\CMSIS\CM3\DeviceSupport\ST\STM32F10x\
startup\arm\startup_stm32f10x_md_vl.s

EXTI9_5_IRQHandler 0000001A

Symbol: EXTI9_5_IRQHandler
   Definitions
      At line 259 in file ..\..\Libraries\CMSIS\CM3\DeviceSupport\ST\STM32F10x\
startup\arm\startup_stm32f10x_md_vl.s
   Uses
      At line 102 in file ..\..\Libraries\CMSIS\CM3\DeviceSupport\ST\STM32F10x\
startup\arm\startup_stm32f10x_md_vl.s
      At line 217 in file ..\..\Libraries\CMSIS\CM3\DeviceSupport\ST\STM32F10x\
startup\arm\startup_stm32f10x_md_vl.s

FLASH_IRQHandler 0000001A




ARM Macro Assembler    Page 5 Alphabetic symbol ordering
Relocatable symbols

Symbol: FLASH_IRQHandler
   Definitions
      At line 244 in file ..\..\Libraries\CMSIS\CM3\DeviceSupport\ST\STM32F10x\
startup\arm\startup_stm32f10x_md_vl.s
   Uses
      At line 83 in file ..\..\Libraries\CMSIS\CM3\DeviceSupport\ST\STM32F10x\s
tartup\arm\startup_stm32f10x_md_vl.s
      At line 202 in file ..\..\Libraries\CMSIS\CM3\DeviceSupport\ST\STM32F10x\
startup\arm\startup_stm32f10x_md_vl.s

HardFault_Handler 0000000A

Symbol: HardFault_Handler
   Definitions
      At line 159 in file ..\..\Libraries\CMSIS\CM3\DeviceSupport\ST\STM32F10x\
startup\arm\startup_stm32f10x_md_vl.s
   Uses
      At line 64 in file ..\..\Libraries\CMSIS\CM3\DeviceSupport\ST\STM32F10x\s
tartup\arm\startup_stm32f10x_md_vl.s
      At line 160 in file ..\..\Libraries\CMSIS\CM3\DeviceSupport\ST\STM32F10x\
startup\arm\startup_stm32f10x_md_vl.s

I2C1_ER_IRQHandler 0000001A

Symbol: I2C1_ER_IRQHandler
   Definitions
      At line 268 in file ..\..\Libraries\CMSIS\CM3\DeviceSupport\ST\STM32F10x\
startup\arm\startup_stm32f10x_md_vl.s
   Uses
      At line 111 in file ..\..\Libraries\CMSIS\CM3\DeviceSupport\ST\STM32F10x\
startup\arm\startup_stm32f10x_md_vl.s
      At line 226 in file ..\..\Libraries\CMSIS\CM3\DeviceSupport\ST\STM32F10x\
startup\arm\startup_stm32f10x_md_vl.s

I2C1_EV_IRQHandler 0000001A

Symbol: I2C1_EV_IRQHandler
   Definitions
      At line 267 in file ..\..\Libraries\CMSIS\CM3\DeviceSupport\ST\STM32F10x\
startup\arm\startup_stm32f10x_md_vl.s
   Uses
      At line 110 in file ..\..\Libraries\CMSIS\CM3\DeviceSupport\ST\STM32F10x\
startup\arm\startup_stm32f10x_md_vl.s
      At line 225 in file ..\..\Libraries\CMSIS\CM3\DeviceSupport\ST\STM32F10x\
startup\arm\startup_stm32f10x_md_vl.s

I2C2_ER_IRQHandler 0000001A

Symbol: I2C2_ER_IRQHandler
   Definitions
      At line 270 in file ..\..\Libraries\CMSIS\CM3\DeviceSupport\ST\STM32F10x\
startup\arm\startup_stm32f10x_md_vl.s
   Uses
      At line 113 in file ..\..\Libraries\CMSIS\CM3\DeviceSupport\ST\STM32F10x\
startup\arm\startup_stm32f10x_md_vl.s
      At line 228 in file ..\..\Libraries\CMSIS\CM3\DeviceSupport\ST\STM32F10x\
startup\arm\startup_stm32f10x_md_vl.s

I2C2_EV_IRQHandler 0000001A



ARM Macro Assembler    Page 6 Alphabetic symbol ordering
Relocatable symbols


Symbol: I2C2_EV_IRQHandler
   Definitions
      At line 269 in file ..\..\Libraries\CMSIS\CM3\DeviceSupport\ST\STM32F10x\
startup\arm\startup_stm32f10x_md_vl.s
   Uses
      At line 112 in file ..\..\Libraries\CMSIS\CM3\DeviceSupport\ST\STM32F10x\
startup\arm\startup_stm32f10x_md_vl.s
      At line 227 in file ..\..\Libraries\CMSIS\CM3\DeviceSupport\ST\STM32F10x\
startup\arm\startup_stm32f10x_md_vl.s

MemManage_Handler 0000000C

Symbol: MemManage_Handler
   Definitions
      At line 164 in file ..\..\Libraries\CMSIS\CM3\DeviceSupport\ST\STM32F10x\
startup\arm\startup_stm32f10x_md_vl.s
   Uses
      At line 65 in file ..\..\Libraries\CMSIS\CM3\DeviceSupport\ST\STM32F10x\s
tartup\arm\startup_stm32f10x_md_vl.s
      At line 165 in file ..\..\Libraries\CMSIS\CM3\DeviceSupport\ST\STM32F10x\
startup\arm\startup_stm32f10x_md_vl.s

NMI_Handler 00000008

Symbol: NMI_Handler
   Definitions
      At line 154 in file ..\..\Libraries\CMSIS\CM3\DeviceSupport\ST\STM32F10x\
startup\arm\startup_stm32f10x_md_vl.s
   Uses
      At line 63 in file ..\..\Libraries\CMSIS\CM3\DeviceSupport\ST\STM32F10x\s
tartup\arm\startup_stm32f10x_md_vl.s
      At line 155 in file ..\..\Libraries\CMSIS\CM3\DeviceSupport\ST\STM32F10x\
startup\arm\startup_stm32f10x_md_vl.s

PVD_IRQHandler 0000001A

Symbol: PVD_IRQHandler
   Definitions
      At line 241 in file ..\..\Libraries\CMSIS\CM3\DeviceSupport\ST\STM32F10x\
startup\arm\startup_stm32f10x_md_vl.s
   Uses
      At line 80 in file ..\..\Libraries\CMSIS\CM3\DeviceSupport\ST\STM32F10x\s
tartup\arm\startup_stm32f10x_md_vl.s
      At line 199 in file ..\..\Libraries\CMSIS\CM3\DeviceSupport\ST\STM32F10x\
startup\arm\startup_stm32f10x_md_vl.s

PendSV_Handler 00000016

Symbol: PendSV_Handler
   Definitions
      At line 187 in file ..\..\Libraries\CMSIS\CM3\DeviceSupport\ST\STM32F10x\
startup\arm\startup_stm32f10x_md_vl.s
   Uses
      At line 75 in file ..\..\Libraries\CMSIS\CM3\DeviceSupport\ST\STM32F10x\s
tartup\arm\startup_stm32f10x_md_vl.s
      At line 188 in file ..\..\Libraries\CMSIS\CM3\DeviceSupport\ST\STM32F10x\
startup\arm\startup_stm32f10x_md_vl.s




ARM Macro Assembler    Page 7 Alphabetic symbol ordering
Relocatable symbols

RCC_IRQHandler 0000001A

Symbol: RCC_IRQHandler
   Definitions
      At line 245 in file ..\..\Libraries\CMSIS\CM3\DeviceSupport\ST\STM32F10x\
startup\arm\startup_stm32f10x_md_vl.s
   Uses
      At line 84 in file ..\..\Libraries\CMSIS\CM3\DeviceSupport\ST\STM32F10x\s
tartup\arm\startup_stm32f10x_md_vl.s
      At line 203 in file ..\..\Libraries\CMSIS\CM3\DeviceSupport\ST\STM32F10x\
startup\arm\startup_stm32f10x_md_vl.s

RTCAlarm_IRQHandler 0000001A

Symbol: RTCAlarm_IRQHandler
   Definitions
      At line 277 in file ..\..\Libraries\CMSIS\CM3\DeviceSupport\ST\STM32F10x\
startup\arm\startup_stm32f10x_md_vl.s
   Uses
      At line 120 in file ..\..\Libraries\CMSIS\CM3\DeviceSupport\ST\STM32F10x\
startup\arm\startup_stm32f10x_md_vl.s
      At line 235 in file ..\..\Libraries\CMSIS\CM3\DeviceSupport\ST\STM32F10x\
startup\arm\startup_stm32f10x_md_vl.s

RTC_IRQHandler 0000001A

Symbol: RTC_IRQHandler
   Definitions
      At line 243 in file ..\..\Libraries\CMSIS\CM3\DeviceSupport\ST\STM32F10x\
startup\arm\startup_stm32f10x_md_vl.s
   Uses
      At line 82 in file ..\..\Libraries\CMSIS\CM3\DeviceSupport\ST\STM32F10x\s
tartup\arm\startup_stm32f10x_md_vl.s
      At line 201 in file ..\..\Libraries\CMSIS\CM3\DeviceSupport\ST\STM32F10x\
startup\arm\startup_stm32f10x_md_vl.s

Reset_Handler 00000000

Symbol: Reset_Handler
   Definitions
      At line 142 in file ..\..\Libraries\CMSIS\CM3\DeviceSupport\ST\STM32F10x\
startup\arm\startup_stm32f10x_md_vl.s
   Uses
      At line 62 in file ..\..\Libraries\CMSIS\CM3\DeviceSupport\ST\STM32F10x\s
tartup\arm\startup_stm32f10x_md_vl.s
      At line 143 in file ..\..\Libraries\CMSIS\CM3\DeviceSupport\ST\STM32F10x\
startup\arm\startup_stm32f10x_md_vl.s

SPI1_IRQHandler 0000001A

Symbol: SPI1_IRQHandler
   Definitions
      At line 271 in file ..\..\Libraries\CMSIS\CM3\DeviceSupport\ST\STM32F10x\
startup\arm\startup_stm32f10x_md_vl.s
   Uses
      At line 114 in file ..\..\Libraries\CMSIS\CM3\DeviceSupport\ST\STM32F10x\
startup\arm\startup_stm32f10x_md_vl.s
      At line 229 in file ..\..\Libraries\CMSIS\CM3\DeviceSupport\ST\STM32F10x\
startup\arm\startup_stm32f10x_md_vl.s



ARM Macro Assembler    Page 8 Alphabetic symbol ordering
Relocatable symbols


SPI2_IRQHandler 0000001A

Symbol: SPI2_IRQHandler
   Definitions
      At line 272 in file ..\..\Libraries\CMSIS\CM3\DeviceSupport\ST\STM32F10x\
startup\arm\startup_stm32f10x_md_vl.s
   Uses
      At line 115 in file ..\..\Libraries\CMSIS\CM3\DeviceSupport\ST\STM32F10x\
startup\arm\startup_stm32f10x_md_vl.s
      At line 230 in file ..\..\Libraries\CMSIS\CM3\DeviceSupport\ST\STM32F10x\
startup\arm\startup_stm32f10x_md_vl.s

SVC_Handler 00000012

Symbol: SVC_Handler
   Definitions
      At line 178 in file ..\..\Libraries\CMSIS\CM3\DeviceSupport\ST\STM32F10x\
startup\arm\startup_stm32f10x_md_vl.s
   Uses
      At line 72 in file ..\..\Libraries\CMSIS\CM3\DeviceSupport\ST\STM32F10x\s
tartup\arm\startup_stm32f10x_md_vl.s
      At line 179 in file ..\..\Libraries\CMSIS\CM3\DeviceSupport\ST\STM32F10x\
startup\arm\startup_stm32f10x_md_vl.s

SysTick_Handler 00000018

Symbol: SysTick_Handler
   Definitions
      At line 191 in file ..\..\Libraries\CMSIS\CM3\DeviceSupport\ST\STM32F10x\
startup\arm\startup_stm32f10x_md_vl.s
   Uses
      At line 76 in file ..\..\Libraries\CMSIS\CM3\DeviceSupport\ST\STM32F10x\s
tartup\arm\startup_stm32f10x_md_vl.s
      At line 192 in file ..\..\Libraries\CMSIS\CM3\DeviceSupport\ST\STM32F10x\
startup\arm\startup_stm32f10x_md_vl.s

TAMPER_IRQHandler 0000001A

Symbol: TAMPER_IRQHandler
   Definitions
      At line 242 in file ..\..\Libraries\CMSIS\CM3\DeviceSupport\ST\STM32F10x\
startup\arm\startup_stm32f10x_md_vl.s
   Uses
      At line 81 in file ..\..\Libraries\CMSIS\CM3\DeviceSupport\ST\STM32F10x\s
tartup\arm\startup_stm32f10x_md_vl.s
      At line 200 in file ..\..\Libraries\CMSIS\CM3\DeviceSupport\ST\STM32F10x\
startup\arm\startup_stm32f10x_md_vl.s

TIM1_BRK_TIM15_IRQHandler 0000001A

Symbol: TIM1_BRK_TIM15_IRQHandler
   Definitions
      At line 260 in file ..\..\Libraries\CMSIS\CM3\DeviceSupport\ST\STM32F10x\
startup\arm\startup_stm32f10x_md_vl.s
   Uses
      At line 103 in file ..\..\Libraries\CMSIS\CM3\DeviceSupport\ST\STM32F10x\
startup\arm\startup_stm32f10x_md_vl.s
      At line 218 in file ..\..\Libraries\CMSIS\CM3\DeviceSupport\ST\STM32F10x\



ARM Macro Assembler    Page 9 Alphabetic symbol ordering
Relocatable symbols

startup\arm\startup_stm32f10x_md_vl.s

TIM1_CC_IRQHandler 0000001A

Symbol: TIM1_CC_IRQHandler
   Definitions
      At line 263 in file ..\..\Libraries\CMSIS\CM3\DeviceSupport\ST\STM32F10x\
startup\arm\startup_stm32f10x_md_vl.s
   Uses
      At line 106 in file ..\..\Libraries\CMSIS\CM3\DeviceSupport\ST\STM32F10x\
startup\arm\startup_stm32f10x_md_vl.s
      At line 221 in file ..\..\Libraries\CMSIS\CM3\DeviceSupport\ST\STM32F10x\
startup\arm\startup_stm32f10x_md_vl.s

TIM1_TRG_COM_TIM17_IRQHandler 0000001A

Symbol: TIM1_TRG_COM_TIM17_IRQHandler
   Definitions
      At line 262 in file ..\..\Libraries\CMSIS\CM3\DeviceSupport\ST\STM32F10x\
startup\arm\startup_stm32f10x_md_vl.s
   Uses
      At line 105 in file ..\..\Libraries\CMSIS\CM3\DeviceSupport\ST\STM32F10x\
startup\arm\startup_stm32f10x_md_vl.s
      At line 220 in file ..\..\Libraries\CMSIS\CM3\DeviceSupport\ST\STM32F10x\
startup\arm\startup_stm32f10x_md_vl.s

TIM1_UP_TIM16_IRQHandler 0000001A

Symbol: TIM1_UP_TIM16_IRQHandler
   Definitions
      At line 261 in file ..\..\Libraries\CMSIS\CM3\DeviceSupport\ST\STM32F10x\
startup\arm\startup_stm32f10x_md_vl.s
   Uses
      At line 104 in file ..\..\Libraries\CMSIS\CM3\DeviceSupport\ST\STM32F10x\
startup\arm\startup_stm32f10x_md_vl.s
      At line 219 in file ..\..\Libraries\CMSIS\CM3\DeviceSupport\ST\STM32F10x\
startup\arm\startup_stm32f10x_md_vl.s

TIM2_IRQHandler 0000001A

Symbol: TIM2_IRQHandler
   Definitions
      At line 264 in file ..\..\Libraries\CMSIS\CM3\DeviceSupport\ST\STM32F10x\
startup\arm\startup_stm32f10x_md_vl.s
   Uses
      At line 107 in file ..\..\Libraries\CMSIS\CM3\DeviceSupport\ST\STM32F10x\
startup\arm\startup_stm32f10x_md_vl.s
      At line 222 in file ..\..\Libraries\CMSIS\CM3\DeviceSupport\ST\STM32F10x\
startup\arm\startup_stm32f10x_md_vl.s

TIM3_IRQHandler 0000001A

Symbol: TIM3_IRQHandler
   Definitions
      At line 265 in file ..\..\Libraries\CMSIS\CM3\DeviceSupport\ST\STM32F10x\
startup\arm\startup_stm32f10x_md_vl.s
   Uses
      At line 108 in file ..\..\Libraries\CMSIS\CM3\DeviceSupport\ST\STM32F10x\
startup\arm\startup_stm32f10x_md_vl.s



ARM Macro Assembler    Page 10 Alphabetic symbol ordering
Relocatable symbols

      At line 223 in file ..\..\Libraries\CMSIS\CM3\DeviceSupport\ST\STM32F10x\
startup\arm\startup_stm32f10x_md_vl.s

TIM4_IRQHandler 0000001A

Symbol: TIM4_IRQHandler
   Definitions
      At line 266 in file ..\..\Libraries\CMSIS\CM3\DeviceSupport\ST\STM32F10x\
startup\arm\startup_stm32f10x_md_vl.s
   Uses
      At line 109 in file ..\..\Libraries\CMSIS\CM3\DeviceSupport\ST\STM32F10x\
startup\arm\startup_stm32f10x_md_vl.s
      At line 224 in file ..\..\Libraries\CMSIS\CM3\DeviceSupport\ST\STM32F10x\
startup\arm\startup_stm32f10x_md_vl.s

TIM6_DAC_IRQHandler 0000001A

Symbol: TIM6_DAC_IRQHandler
   Definitions
      At line 279 in file ..\..\Libraries\CMSIS\CM3\DeviceSupport\ST\STM32F10x\
startup\arm\startup_stm32f10x_md_vl.s
   Uses
      At line 133 in file ..\..\Libraries\CMSIS\CM3\DeviceSupport\ST\STM32F10x\
startup\arm\startup_stm32f10x_md_vl.s
      At line 237 in file ..\..\Libraries\CMSIS\CM3\DeviceSupport\ST\STM32F10x\
startup\arm\startup_stm32f10x_md_vl.s

TIM7_IRQHandler 0000001A

Symbol: TIM7_IRQHandler
   Definitions
      At line 280 in file ..\..\Libraries\CMSIS\CM3\DeviceSupport\ST\STM32F10x\
startup\arm\startup_stm32f10x_md_vl.s
   Uses
      At line 134 in file ..\..\Libraries\CMSIS\CM3\DeviceSupport\ST\STM32F10x\
startup\arm\startup_stm32f10x_md_vl.s
      At line 238 in file ..\..\Libraries\CMSIS\CM3\DeviceSupport\ST\STM32F10x\
startup\arm\startup_stm32f10x_md_vl.s

USART1_IRQHandler 0000001A

Symbol: USART1_IRQHandler
   Definitions
      At line 273 in file ..\..\Libraries\CMSIS\CM3\DeviceSupport\ST\STM32F10x\
startup\arm\startup_stm32f10x_md_vl.s
   Uses
      At line 116 in file ..\..\Libraries\CMSIS\CM3\DeviceSupport\ST\STM32F10x\
startup\arm\startup_stm32f10x_md_vl.s
      At line 231 in file ..\..\Libraries\CMSIS\CM3\DeviceSupport\ST\STM32F10x\
startup\arm\startup_stm32f10x_md_vl.s

USART2_IRQHandler 0000001A

Symbol: USART2_IRQHandler
   Definitions
      At line 274 in file ..\..\Libraries\CMSIS\CM3\DeviceSupport\ST\STM32F10x\
startup\arm\startup_stm32f10x_md_vl.s
   Uses
      At line 117 in file ..\..\Libraries\CMSIS\CM3\DeviceSupport\ST\STM32F10x\



ARM Macro Assembler    Page 11 Alphabetic symbol ordering
Relocatable symbols

startup\arm\startup_stm32f10x_md_vl.s
      At line 232 in file ..\..\Libraries\CMSIS\CM3\DeviceSupport\ST\STM32F10x\
startup\arm\startup_stm32f10x_md_vl.s

USART3_IRQHandler 0000001A

Symbol: USART3_IRQHandler
   Definitions
      At line 275 in file ..\..\Libraries\CMSIS\CM3\DeviceSupport\ST\STM32F10x\
startup\arm\startup_stm32f10x_md_vl.s
   Uses
      At line 118 in file ..\..\Libraries\CMSIS\CM3\DeviceSupport\ST\STM32F10x\
startup\arm\startup_stm32f10x_md_vl.s
      At line 233 in file ..\..\Libraries\CMSIS\CM3\DeviceSupport\ST\STM32F10x\
startup\arm\startup_stm32f10x_md_vl.s

UsageFault_Handler 00000010

Symbol: UsageFault_Handler
   Definitions
      At line 174 in file ..\..\Libraries\CMSIS\CM3\DeviceSupport\ST\STM32F10x\
startup\arm\startup_stm32f10x_md_vl.s
   Uses
      At line 67 in file ..\..\Libraries\CMSIS\CM3\DeviceSupport\ST\STM32F10x\s
tartup\arm\startup_stm32f10x_md_vl.s
      At line 175 in file ..\..\Libraries\CMSIS\CM3\DeviceSupport\ST\STM32F10x\
startup\arm\startup_stm32f10x_md_vl.s

WWDG_IRQHandler 0000001A

Symbol: WWDG_IRQHandler
   Definitions
      At line 240 in file ..\..\Libraries\CMSIS\CM3\DeviceSupport\ST\STM32F10x\
startup\arm\startup_stm32f10x_md_vl.s
   Uses
      At line 79 in file ..\..\Libraries\CMSIS\CM3\DeviceSupport\ST\STM32F10x\s
tartup\arm\startup_stm32f10x_md_vl.s
      At line 198 in file ..\..\Libraries\CMSIS\CM3\DeviceSupport\ST\STM32F10x\
startup\arm\startup_stm32f10x_md_vl.s

53 symbols



ARM Macro Assembler    Page 1 Alphabetic symbol ordering
Absolute symbols

Heap_Size 00000200

Symbol: Heap_Size
   Definitions
      At line 44 in file ..\..\Libraries\CMSIS\CM3\DeviceSupport\ST\STM32F10x\s
tartup\arm\startup_stm32f10x_md_vl.s
   Uses
      At line 48 in file ..\..\Libraries\CMSIS\CM3\DeviceSupport\ST\STM32F10x\s
tartup\arm\startup_stm32f10x_md_vl.s
Comment: Heap_Size used once
Stack_Size 00000400

Symbol: Stack_Size
   Definitions
      At line 33 in file ..\..\Libraries\CMSIS\CM3\DeviceSupport\ST\STM32F10x\s
tartup\arm\startup_stm32f10x_md_vl.s
   Uses
      At line 36 in file ..\..\Libraries\CMSIS\CM3\DeviceSupport\ST\STM32F10x\s
tartup\arm\startup_stm32f10x_md_vl.s
Comment: Stack_Size used once
__Vectors_Size 00000120

Symbol: __Vectors_Size
   Definitions
      At line 137 in file ..\..\Libraries\CMSIS\CM3\DeviceSupport\ST\STM32F10x\
startup\arm\startup_stm32f10x_md_vl.s
   Uses
      At line 59 in file ..\..\Libraries\CMSIS\CM3\DeviceSupport\ST\STM32F10x\s
tartup\arm\startup_stm32f10x_md_vl.s
Comment: __Vectors_Size used once
3 symbols



ARM Macro Assembler    Page 1 Alphabetic symbol ordering
External symbols

SystemInit 00000000

Symbol: SystemInit
   Definitions
      At line 145 in file ..\..\Libraries\CMSIS\CM3\DeviceSupport\ST\STM32F10x\
startup\arm\startup_stm32f10x_md_vl.s
   Uses
      At line 146 in file ..\..\Libraries\CMSIS\CM3\DeviceSupport\ST\STM32F10x\
startup\arm\startup_stm32f10x_md_vl.s
Comment: SystemInit used once
__main 00000000

Symbol: __main
   Definitions
      At line 144 in file ..\..\Libraries\CMSIS\CM3\DeviceSupport\ST\STM32F10x\
startup\arm\startup_stm32f10x_md_vl.s
   Uses
      At line 148 in file ..\..\Libraries\CMSIS\CM3\DeviceSupport\ST\STM32F10x\
startup\arm\startup_stm32f10x_md_vl.s
Comment: __main used once
2 symbols
404 symbols in table
